<?xml version="1.0" encoding="UTF-8"?>
<testng-results ignored="0" total="4" passed="4" failed="0" skipped="0">
  <reporter-output>
  </reporter-output>
  <suite started-at="2024-10-11T17:31:57 EEST" name="Default suite" finished-at="2024-10-11T17:32:22 EEST" duration-ms="24770">
    <groups>
    </groups>
    <test started-at="2024-10-11T17:31:57 EEST" name="Default test" finished-at="2024-10-11T17:32:22 EEST" duration-ms="24770">
      <class name="com.demoblaze.test.DemoBlaze_TestRunner">
        <test-method is-config="true" signature="beforeClass()[pri:0, instance:com.demoblaze.test.DemoBlaze_TestRunner@291ae]" started-at="2024-10-11T17:31:57 EEST" name="beforeClass" finished-at="2024-10-11T17:32:06 EEST" duration-ms="8166" status="PASS">
          <reporter-output>
          </reporter-output>
        </test-method> <!-- beforeClass -->
        <test-method signature="navigateToHomePage()[pri:1, instance:com.demoblaze.test.DemoBlaze_TestRunner@291ae]" started-at="2024-10-11T17:32:06 EEST" name="navigateToHomePage" finished-at="2024-10-11T17:32:06 EEST" duration-ms="28" status="PASS">
          <reporter-output>
          </reporter-output>
        </test-method> <!-- navigateToHomePage -->
        <test-method signature="user_Login()[pri:3, instance:com.demoblaze.test.DemoBlaze_TestRunner@291ae]" started-at="2024-10-11T17:32:06 EEST" name="user_Login" finished-at="2024-10-11T17:32:10 EEST" duration-ms="4793" status="PASS">
          <reporter-output>
          </reporter-output>
        </test-method> <!-- user_Login -->
        <test-method signature="addProductToCart()[pri:4, instance:com.demoblaze.test.DemoBlaze_TestRunner@291ae]" started-at="2024-10-11T17:32:10 EEST" name="addProductToCart" finished-at="2024-10-11T17:32:15 EEST" duration-ms="4840" status="PASS">
          <reporter-output>
          </reporter-output>
        </test-method> <!-- addProductToCart -->
        <test-method signature="placeOrder()[pri:5, instance:com.demoblaze.test.DemoBlaze_TestRunner@291ae]" started-at="2024-10-11T17:32:15 EEST" name="placeOrder" finished-at="2024-10-11T17:32:22 EEST" duration-ms="6485" status="PASS">
          <reporter-output>
          </reporter-output>
        </test-method> <!-- placeOrder -->
        <test-method is-config="true" signature="afterClass()[pri:0, instance:com.demoblaze.test.DemoBlaze_TestRunner@291ae]" started-at="2024-10-11T17:32:22 EEST" name="afterClass" finished-at="2024-10-11T17:32:22 EEST" duration-ms="381" status="PASS">
          <reporter-output>
          </reporter-output>
        </test-method> <!-- afterClass -->
      </class> <!-- com.demoblaze.test.DemoBlaze_TestRunner -->
    </test> <!-- Default test -->
  </suite> <!-- Default suite -->
</testng-results>
